0 info it worked if it ends with ok
1 verbose cli [ 'C:\\Program Files\\nodejs\\node.exe',
1 verbose cli   'C:\\Program Files\\nodejs\\node_modules\\npm\\bin\\npm-cli.js',
1 verbose cli   'publish' ]
2 info using npm@3.10.8
3 info using node@v7.0.0
4 verbose publish [ '.' ]
5 silly cache add args [ '.', null ]
6 verbose cache add spec .
7 silly cache add parsed spec Result {
7 silly cache add   raw: '.',
7 silly cache add   scope: null,
7 silly cache add   escapedName: null,
7 silly cache add   name: null,
7 silly cache add   rawSpec: '.',
7 silly cache add   spec: 'D:\\modified_npm_packages\\babel-preset-sagess',
7 silly cache add   type: 'directory' }
8 verbose addLocalDirectory C:\Users\ASA18330\AppData\Roaming\npm-cache\babel-preset-sagess\1.0.5\package.tgz not in flight; packing
9 verbose correctMkdir C:\Users\ASA18330\AppData\Roaming\npm-cache correctMkdir not in flight; initializing
10 info lifecycle babel-preset-sagess@1.0.5~prepublish: babel-preset-sagess@1.0.5
11 silly lifecycle babel-preset-sagess@1.0.5~prepublish: no script for prepublish, continuing
12 verbose tar pack [ 'C:\\Users\\ASA18330\\AppData\\Roaming\\npm-cache\\babel-preset-sagess\\1.0.5\\package.tgz',
12 verbose tar pack   'D:\\modified_npm_packages\\babel-preset-sagess' ]
13 verbose tarball C:\Users\ASA18330\AppData\Roaming\npm-cache\babel-preset-sagess\1.0.5\package.tgz
14 verbose folder D:\modified_npm_packages\babel-preset-sagess
15 verbose addLocalTarball adding from inside cache C:\Users\ASA18330\AppData\Roaming\npm-cache\babel-preset-sagess\1.0.5\package.tgz
16 verbose correctMkdir C:\Users\ASA18330\AppData\Roaming\npm-cache correctMkdir not in flight; initializing
17 silly cache afterAdd babel-preset-sagess@1.0.5
18 verbose afterAdd C:\Users\ASA18330\AppData\Roaming\npm-cache\babel-preset-sagess\1.0.5\package\package.json not in flight; writing
19 verbose correctMkdir C:\Users\ASA18330\AppData\Roaming\npm-cache correctMkdir not in flight; initializing
20 verbose afterAdd C:\Users\ASA18330\AppData\Roaming\npm-cache\babel-preset-sagess\1.0.5\package\package.json written
21 silly publish { name: 'babel-preset-sagess',
21 silly publish   version: '1.0.5',
21 silly publish   main: 'index.js',
21 silly publish   keywords: [ 'babel', 'react', 'sagess' ],
21 silly publish   files: [ 'README.md', 'dist', 'index.js', 'babelify.js' ],
21 silly publish   repository:
21 silly publish    { type: 'git',
21 silly publish      url: 'git+https://github.com/anasamo92/babel-preset-sagess.git' },
21 silly publish   scripts: { test: 'echo "No test specified"' },
21 silly publish   license: 'MIT',
21 silly publish   dependencies:
21 silly publish    { 'babel-core': '6.26.0',
21 silly publish      'babel-plugin-add-module-exports': '0.2.1',
21 silly publish      'babel-plugin-lodash': '3.2.11',
21 silly publish      'babel-plugin-syntax-dynamic-import': '6.18.0',
21 silly publish      'babel-plugin-transform-class-properties': '6.24.1',
21 silly publish      'babel-plugin-transform-decorators-legacy': '1.3.4',
21 silly publish      'babel-plugin-transform-function-bind': '6.22.0',
21 silly publish      'babel-plugin-transform-object-rest-spread': '6.26.0',
21 silly publish      'babel-plugin-transform-react-jsx': '6.24.1',
21 silly publish      'babel-plugin-transform-react-remove-prop-types': '0.4.10',
21 silly publish      'babel-plugin-transform-regenerator': '6.26.0',
21 silly publish      'babel-plugin-transform-runtime': '6.23.0',
21 silly publish      'babel-preset-env': '1.6.1',
21 silly publish      'babel-preset-react': '6.24.1',
21 silly publish      'react-hot-loader': '3.1.1' },
21 silly publish   readme: '# babel-preset-sagess\r\n\r\n> Babel preset\r\n\r\n## Install\r\n\r\n```sh\r\n$ npm install --save-dev babel-preset-sagess\r\n```\r\n\r\n## Usage\r\n\r\n### Via `.babelrc` (Recommended)\r\n\r\n**.babelrc**\r\n\r\n```json\r\n{\r\n  "presets": ["sagess"]\r\n}\r\n```\r\n\r\n### Via CLI\r\n\r\n```sh\r\n$ babel script.js --presets sagess\r\n```\r\n\r\n### Via Node API\r\n\r\n```javascript\r\nrequire("babel-core").transform("code", {\r\n  presets: ["sagess"]\r\n});\r\n```\r\n',
21 silly publish   readmeFilename: 'README.md',
21 silly publish   gitHead: 'b737a5c8371f753073a0c07af39d066dc027f59d',
21 silly publish   description: '> Babel preset',
21 silly publish   bugs: { url: 'https://github.com/anasamo92/babel-preset-sagess/issues' },
21 silly publish   homepage: 'https://github.com/anasamo92/babel-preset-sagess#readme',
21 silly publish   _id: 'babel-preset-sagess@1.0.5',
21 silly publish   _shasum: '26d8752183ac6d57c2a3ff00e7a9479fd97961d0',
21 silly publish   _from: '.' }
22 verbose getPublishConfig undefined
23 silly mapToRegistry name babel-preset-sagess
24 silly mapToRegistry using default registry
25 silly mapToRegistry registry https://registry.npmjs.org/
26 silly mapToRegistry data Result {
26 silly mapToRegistry   raw: 'babel-preset-sagess',
26 silly mapToRegistry   scope: null,
26 silly mapToRegistry   escapedName: 'babel-preset-sagess',
26 silly mapToRegistry   name: 'babel-preset-sagess',
26 silly mapToRegistry   rawSpec: '',
26 silly mapToRegistry   spec: 'latest',
26 silly mapToRegistry   type: 'tag' }
27 silly mapToRegistry uri https://registry.npmjs.org/babel-preset-sagess
28 verbose publish registryBase https://registry.npmjs.org/
29 silly publish uploading C:\Users\ASA18330\AppData\Roaming\npm-cache\babel-preset-sagess\1.0.5\package.tgz
30 verbose request uri https://registry.npmjs.org/babel-preset-sagess
31 verbose request sending authorization for write operation
32 info attempt registry request try #1 at 1:04:57 PM
33 verbose request using bearer token for auth
34 verbose request id 029b22840fbeebc5
35 http request PUT https://registry.npmjs.org/babel-preset-sagess
36 http 403 https://registry.npmjs.org/babel-preset-sagess
37 verbose headers { date: 'Thu, 18 Mar 2021 11:04:33 GMT',
37 verbose headers   'content-type': 'application/json',
37 verbose headers   'transfer-encoding': 'chunked',
37 verbose headers   connection: 'keep-alive',
37 verbose headers   'set-cookie': [ '__cfduid=d2a4235c95027eed7d33bcb9c6355fe4a1616065473; expires=Sat, 17-Apr-21 11:04:33 GMT; path=/; domain=.npmjs.org; HttpOnly; SameSite=Lax' ],
37 verbose headers   'cf-ray': '631dfb18ec09fd0d-OTP',
37 verbose headers   'cf-cache-status': 'DYNAMIC',
37 verbose headers   'cf-request-id': '08e69b43910000fd0d12be0000000001',
37 verbose headers   'expect-ct': 'max-age=604800, report-uri="https://report-uri.cloudflare.com/cdn-cgi/beacon/expect-ct"',
37 verbose headers   vary: 'Accept-Encoding',
37 verbose headers   server: 'cloudflare',
37 verbose headers   'content-encoding': 'gzip' }
38 verbose request invalidating C:\Users\ASA18330\AppData\Roaming\npm-cache\registry.npmjs.org\babel-preset-sagess on PUT
39 error publish Failed PUT 403
40 verbose stack Error: You cannot publish over the previously published versions: 1.0.5. : babel-preset-sagess
40 verbose stack     at makeError (C:\Program Files\nodejs\node_modules\npm\node_modules\npm-registry-client\lib\request.js:302:12)
40 verbose stack     at CachingRegistryClient.<anonymous> (C:\Program Files\nodejs\node_modules\npm\node_modules\npm-registry-client\lib\request.js:290:14)
40 verbose stack     at C:\Program Files\nodejs\node_modules\npm\node_modules\npm-registry-client\lib\request.js:216:7
40 verbose stack     at Gunzip.onEnd (zlib.js:213:5)
40 verbose stack     at emitNone (events.js:91:20)
40 verbose stack     at Gunzip.emit (events.js:185:7)
40 verbose stack     at endReadableNT (_stream_readable.js:974:12)
40 verbose stack     at _combinedTickCallback (internal/process/next_tick.js:74:11)
40 verbose stack     at process._tickCallback (internal/process/next_tick.js:98:9)
41 verbose statusCode 403
42 verbose pkgid babel-preset-sagess
43 verbose cwd D:\modified_npm_packages\babel-preset-sagess
44 error Windows_NT 10.0.19042
45 error argv "C:\\Program Files\\nodejs\\node.exe" "C:\\Program Files\\nodejs\\node_modules\\npm\\bin\\npm-cli.js" "publish"
46 error node v7.0.0
47 error npm  v3.10.8
48 error code E403
49 error You cannot publish over the previously published versions: 1.0.5. : babel-preset-sagess
50 error If you need help, you may report this error at:
50 error     <https://github.com/npm/npm/issues>
51 verbose exit [ 1, true ]
